<?xml version="1.0" encoding="UTF-8"?>
<!-- Generated by org.testng.reporters.JUnitXMLReporter -->
<testsuite ignored="0" hostname="DESKTOP-R7I35HI" failures="0" tests="10" name="Default test" time="40.029" errors="0" timestamp="2025-07-04T16:19:38 IST">
  <testcase classname="testcases.RestAssured_TestCases" name="getLocalizationValid" time="3.052"/>
  <testcase classname="testcases.RestAssured_TestCases" name="getActiveLanguages" time="1.208"/>
  <testcase classname="testcases.RestAssured_TestCases" name="getDashboardShortcuts" time="1.081"/>
  <testcase classname="testcases.RestAssured_TestCases" name="getAuthProviders" time="2.342"/>
  <testcase classname="testcases.RestAssured_TestCases" name="getAdminOAuthList" time="1.144"/>
  <testcase classname="testcases.RestAssured_TestCases" name="getEmployeeList" time="1.091"/>
  <testcase classname="testcases.RestAssured_TestCases" name="putLanguagePackage" time="2.301"/>
  <testcase classname="testcases.RestAssured_TestCases" name="deleteLangById" time="2.198"/>
  <testcase classname="testcases.RestAssured_TestCases" name="putModulesSettings" time="1.682"/>
  <testcase classname="testcases.RestAssured_TestCases" name="postOpenIdProvide" time="1.129"/>
</testsuite> <!-- Default test -->
