<?xml version="1.0" encoding="UTF-8"?>
<!-- Generated by org.testng.reporters.JUnitXMLReporter -->
<testsuite ignored="0" hostname="Ameet" failures="10" tests="11" name="Test" time="85.399" errors="0" timestamp="2025-07-11T12:16:40 IST">
  <testcase classname="testcases.RestAssured_TestCases" name="loginWithSeleniumAndGetCookie" time="59.129"/>
  <testcase classname="testcases.RestAssured_TestCases" name="getLocalizationValid" time="0.07">
    <failure type="java.lang.NullPointerException" message="Cannot invoke &amp;quot;io.restassured.response.Response.jsonPath()&amp;quot; because the return value of &amp;quot;rest.CustomResponse.getResponse()&amp;quot; is null">
      <![CDATA[java.lang.NullPointerException: Cannot invoke "io.restassured.response.Response.jsonPath()" because the return value of "rest.CustomResponse.getResponse()" is null
at testcases.TestCodeValidator.validateResponseFields(TestCodeValidator.java:108)
at testcases.RestAssured_TestCases.getLocalizationValid(RestAssured_TestCases.java:98)
at java.base/java.util.concurrent.ThreadPoolExecutor.runWorker(ThreadPoolExecutor.java:1136)
at java.base/java.util.concurrent.ThreadPoolExecutor$Worker.run(ThreadPoolExecutor.java:635)
at java.base/java.lang.Thread.run(Thread.java:833)
... Removed 12 stack frames]]>
    </failure>
  </testcase> <!-- getLocalizationValid -->
  <testcase classname="testcases.RestAssured_TestCases" name="getActiveLanguages" time="0.018">
    <failure type="java.lang.NullPointerException" message="Cannot invoke &amp;quot;io.restassured.response.Response.getBody()&amp;quot; because the return value of &amp;quot;rest.CustomResponse.getResponse()&amp;quot; is null">
      <![CDATA[java.lang.NullPointerException: Cannot invoke "io.restassured.response.Response.getBody()" because the return value of "rest.CustomResponse.getResponse()" is null
at testcases.RestAssured_TestCases.getActiveLanguages(RestAssured_TestCases.java:144)
at java.base/java.util.concurrent.ThreadPoolExecutor.runWorker(ThreadPoolExecutor.java:1136)
at java.base/java.util.concurrent.ThreadPoolExecutor$Worker.run(ThreadPoolExecutor.java:635)
at java.base/java.lang.Thread.run(Thread.java:833)
... Removed 12 stack frames]]>
    </failure>
  </testcase> <!-- getActiveLanguages -->
  <testcase classname="testcases.RestAssured_TestCases" name="getDashboardShortcuts" time="0.006">
    <failure type="java.lang.NullPointerException" message="Cannot invoke &amp;quot;io.restassured.response.Response.getBody()&amp;quot; because the return value of &amp;quot;rest.CustomResponse.getResponse()&amp;quot; is null">
      <![CDATA[java.lang.NullPointerException: Cannot invoke "io.restassured.response.Response.getBody()" because the return value of "rest.CustomResponse.getResponse()" is null
at testcases.RestAssured_TestCases.getDashboardShortcuts(RestAssured_TestCases.java:193)
at java.base/java.util.concurrent.ThreadPoolExecutor.runWorker(ThreadPoolExecutor.java:1136)
at java.base/java.util.concurrent.ThreadPoolExecutor$Worker.run(ThreadPoolExecutor.java:635)
at java.base/java.lang.Thread.run(Thread.java:833)
... Removed 12 stack frames]]>
    </failure>
  </testcase> <!-- getDashboardShortcuts -->
  <testcase classname="testcases.RestAssured_TestCases" name="getAuthProviders" time="12.326">
    <failure type="java.lang.NullPointerException" message="Cannot invoke &amp;quot;io.restassured.response.Response.getBody()&amp;quot; because the return value of &amp;quot;rest.CustomResponse.getResponse()&amp;quot; is null">
      <![CDATA[java.lang.NullPointerException: Cannot invoke "io.restassured.response.Response.getBody()" because the return value of "rest.CustomResponse.getResponse()" is null
at testcases.RestAssured_TestCases.getAuthProviders(RestAssured_TestCases.java:268)
at java.base/java.util.concurrent.ThreadPoolExecutor.runWorker(ThreadPoolExecutor.java:1136)
at java.base/java.util.concurrent.ThreadPoolExecutor$Worker.run(ThreadPoolExecutor.java:635)
at java.base/java.lang.Thread.run(Thread.java:833)
... Removed 12 stack frames]]>
    </failure>
  </testcase> <!-- getAuthProviders -->
  <testcase classname="testcases.RestAssured_TestCases" name="getAdminOAuthList" time="0.011">
    <failure type="java.lang.NullPointerException" message="Cannot invoke &amp;quot;io.restassured.response.Response.getBody()&amp;quot; because the return value of &amp;quot;rest.CustomResponse.getResponse()&amp;quot; is null">
      <![CDATA[java.lang.NullPointerException: Cannot invoke "io.restassured.response.Response.getBody()" because the return value of "rest.CustomResponse.getResponse()" is null
at testcases.RestAssured_TestCases.getAdminOAuthList(RestAssured_TestCases.java:326)
at java.base/java.util.concurrent.ThreadPoolExecutor.runWorker(ThreadPoolExecutor.java:1136)
at java.base/java.util.concurrent.ThreadPoolExecutor$Worker.run(ThreadPoolExecutor.java:635)
at java.base/java.lang.Thread.run(Thread.java:833)
... Removed 12 stack frames]]>
    </failure>
  </testcase> <!-- getAdminOAuthList -->
  <testcase classname="testcases.RestAssured_TestCases" name="getEmployeeList" time="0.006">
    <failure type="java.lang.NullPointerException" message="Cannot invoke &amp;quot;io.restassured.response.Response.getBody()&amp;quot; because the return value of &amp;quot;rest.CustomResponse.getResponse()&amp;quot; is null">
      <![CDATA[java.lang.NullPointerException: Cannot invoke "io.restassured.response.Response.getBody()" because the return value of "rest.CustomResponse.getResponse()" is null
at testcases.RestAssured_TestCases.getEmployeeList(RestAssured_TestCases.java:379)
at java.base/java.util.concurrent.ThreadPoolExecutor.runWorker(ThreadPoolExecutor.java:1136)
at java.base/java.util.concurrent.ThreadPoolExecutor$Worker.run(ThreadPoolExecutor.java:635)
at java.base/java.lang.Thread.run(Thread.java:833)
... Removed 12 stack frames]]>
    </failure>
  </testcase> <!-- getEmployeeList -->
  <testcase classname="testcases.RestAssured_TestCases" name="putLanguagePackage" time="4.075">
    <failure type="java.lang.NullPointerException" message="Cannot invoke &amp;quot;String.isEmpty()&amp;quot; because &amp;quot;adminLangId&amp;quot; is null">
      <![CDATA[java.lang.NullPointerException: Cannot invoke "String.isEmpty()" because "adminLangId" is null
at testcases.RestAssured_TestCases.putLanguagePackage(RestAssured_TestCases.java:434)
at java.base/java.util.concurrent.ThreadPoolExecutor.runWorker(ThreadPoolExecutor.java:1136)
at java.base/java.util.concurrent.ThreadPoolExecutor$Worker.run(ThreadPoolExecutor.java:635)
at java.base/java.lang.Thread.run(Thread.java:833)
... Removed 12 stack frames]]>
    </failure>
  </testcase> <!-- putLanguagePackage -->
  <testcase classname="testcases.RestAssured_TestCases" name="deleteLangById" time="1.286">
    <failure type="java.lang.AssertionError" message="deleteLangById must be implemented using proper RestAssured methods. expected [true] but found [false]">
      <![CDATA[java.lang.AssertionError: deleteLangById must be implemented using proper RestAssured methods. expected [true] but found [false]
at testcases.RestAssured_TestCases.deleteLangById(RestAssured_TestCases.java:481)
at java.base/java.util.concurrent.ThreadPoolExecutor.runWorker(ThreadPoolExecutor.java:1136)
at java.base/java.util.concurrent.ThreadPoolExecutor$Worker.run(ThreadPoolExecutor.java:635)
at java.base/java.lang.Thread.run(Thread.java:833)
... Removed 15 stack frames]]>
    </failure>
  </testcase> <!-- deleteLangById -->
  <testcase classname="testcases.RestAssured_TestCases" name="putModulesSettings" time="3.952">
    <failure type="java.lang.NullPointerException" message="Cannot invoke &amp;quot;io.restassured.response.Response.getBody()&amp;quot; because the return value of &amp;quot;rest.CustomResponse.getResponse()&amp;quot; is null">
      <![CDATA[java.lang.NullPointerException: Cannot invoke "io.restassured.response.Response.getBody()" because the return value of "rest.CustomResponse.getResponse()" is null
at testcases.RestAssured_TestCases.putModulesSettings(RestAssured_TestCases.java:522)
at java.base/java.util.concurrent.ThreadPoolExecutor.runWorker(ThreadPoolExecutor.java:1136)
at java.base/java.util.concurrent.ThreadPoolExecutor$Worker.run(ThreadPoolExecutor.java:635)
at java.base/java.lang.Thread.run(Thread.java:833)
... Removed 12 stack frames]]>
    </failure>
  </testcase> <!-- putModulesSettings -->
  <testcase classname="testcases.RestAssured_TestCases" name="postOpenIdProvide" time="0.13">
    <failure type="java.lang.NullPointerException" message="Cannot invoke &amp;quot;io.restassured.response.Response.getBody()&amp;quot; because the return value of &amp;quot;rest.CustomResponse.getResponse()&amp;quot; is null">
      <![CDATA[java.lang.NullPointerException: Cannot invoke "io.restassured.response.Response.getBody()" because the return value of "rest.CustomResponse.getResponse()" is null
at testcases.RestAssured_TestCases.postOpenIdProvide(RestAssured_TestCases.java:568)
at java.base/java.util.concurrent.ThreadPoolExecutor.runWorker(ThreadPoolExecutor.java:1136)
at java.base/java.util.concurrent.ThreadPoolExecutor$Worker.run(ThreadPoolExecutor.java:635)
at java.base/java.lang.Thread.run(Thread.java:833)
... Removed 12 stack frames]]>
    </failure>
  </testcase> <!-- postOpenIdProvide -->
</testsuite> <!-- Test -->
