<?xml version="1.0" encoding="UTF-8"?>
<!-- Generated by org.testng.reporters.JUnitXMLReporter -->
<testsuite ignored="0" hostname="Ameet" failures="10" tests="10" name="Test" time="55.942" errors="0" timestamp="2025-07-07T12:23:11 IST">
  <testcase classname="testcases.RestAssured_TestCases" name="getLocalizationValid" time="0.028">
    <failure type="java.lang.NullPointerException" message="Cannot invoke &amp;quot;io.restassured.response.Response.jsonPath()&amp;quot; because the return value of &amp;quot;rest.CustomResponse.getResponse()&amp;quot; is null">
      <![CDATA[java.lang.NullPointerException: Cannot invoke "io.restassured.response.Response.jsonPath()" because the return value of "rest.CustomResponse.getResponse()" is null
at testcases.TestCodeValidator.validateResponseFields(TestCodeValidator.java:108)
at testcases.RestAssured_TestCases.getLocalizationValid(RestAssured_TestCases.java:100)
at java.base/java.util.ArrayList.forEach(ArrayList.java:1511)
... Removed 27 stack frames]]>
    </failure>
  </testcase> <!-- getLocalizationValid -->
  <testcase classname="testcases.RestAssured_TestCases" name="getActiveLanguages" time="0.006">
    <failure type="java.lang.NullPointerException" message="Cannot invoke &amp;quot;io.restassured.response.Response.getBody()&amp;quot; because the return value of &amp;quot;rest.CustomResponse.getResponse()&amp;quot; is null">
      <![CDATA[java.lang.NullPointerException: Cannot invoke "io.restassured.response.Response.getBody()" because the return value of "rest.CustomResponse.getResponse()" is null
at testcases.RestAssured_TestCases.getActiveLanguages(RestAssured_TestCases.java:149)
at java.base/java.util.ArrayList.forEach(ArrayList.java:1511)
... Removed 27 stack frames]]>
    </failure>
  </testcase> <!-- getActiveLanguages -->
  <testcase classname="testcases.RestAssured_TestCases" name="getDashboardShortcuts" time="0.113">
    <failure type="java.lang.NullPointerException" message="Cannot invoke &amp;quot;io.restassured.response.Response.getBody()&amp;quot; because the return value of &amp;quot;rest.CustomResponse.getResponse()&amp;quot; is null">
      <![CDATA[java.lang.NullPointerException: Cannot invoke "io.restassured.response.Response.getBody()" because the return value of "rest.CustomResponse.getResponse()" is null
at testcases.RestAssured_TestCases.getDashboardShortcuts(RestAssured_TestCases.java:198)
at java.base/java.util.ArrayList.forEach(ArrayList.java:1511)
... Removed 27 stack frames]]>
    </failure>
  </testcase> <!-- getDashboardShortcuts -->
  <testcase classname="testcases.RestAssured_TestCases" name="getAuthProviders" time="9.671">
    <failure type="java.lang.NullPointerException" message="Cannot invoke &amp;quot;io.restassured.response.Response.getBody()&amp;quot; because the return value of &amp;quot;rest.CustomResponse.getResponse()&amp;quot; is null">
      <![CDATA[java.lang.NullPointerException: Cannot invoke "io.restassured.response.Response.getBody()" because the return value of "rest.CustomResponse.getResponse()" is null
at testcases.RestAssured_TestCases.getAuthProviders(RestAssured_TestCases.java:275)
at java.base/java.util.ArrayList.forEach(ArrayList.java:1511)
... Removed 27 stack frames]]>
    </failure>
  </testcase> <!-- getAuthProviders -->
  <testcase classname="testcases.RestAssured_TestCases" name="getAdminOAuthList" time="0.01">
    <failure type="java.lang.NullPointerException" message="Cannot invoke &amp;quot;io.restassured.response.Response.getBody()&amp;quot; because the return value of &amp;quot;rest.CustomResponse.getResponse()&amp;quot; is null">
      <![CDATA[java.lang.NullPointerException: Cannot invoke "io.restassured.response.Response.getBody()" because the return value of "rest.CustomResponse.getResponse()" is null
at testcases.RestAssured_TestCases.getAdminOAuthList(RestAssured_TestCases.java:334)
at java.base/java.util.ArrayList.forEach(ArrayList.java:1511)
... Removed 27 stack frames]]>
    </failure>
  </testcase> <!-- getAdminOAuthList -->
  <testcase classname="testcases.RestAssured_TestCases" name="getEmployeeList" time="0.01">
    <failure type="java.lang.NullPointerException" message="Cannot invoke &amp;quot;io.restassured.response.Response.getBody()&amp;quot; because the return value of &amp;quot;rest.CustomResponse.getResponse()&amp;quot; is null">
      <![CDATA[java.lang.NullPointerException: Cannot invoke "io.restassured.response.Response.getBody()" because the return value of "rest.CustomResponse.getResponse()" is null
at testcases.RestAssured_TestCases.getEmployeeList(RestAssured_TestCases.java:388)
at java.base/java.util.ArrayList.forEach(ArrayList.java:1511)
... Removed 27 stack frames]]>
    </failure>
  </testcase> <!-- getEmployeeList -->
  <testcase classname="testcases.RestAssured_TestCases" name="putLanguagePackage" time="3.133">
    <failure type="java.lang.NullPointerException" message="Cannot invoke &amp;quot;String.isEmpty()&amp;quot; because &amp;quot;adminLangId&amp;quot; is null">
      <![CDATA[java.lang.NullPointerException: Cannot invoke "String.isEmpty()" because "adminLangId" is null
at testcases.RestAssured_TestCases.putLanguagePackage(RestAssured_TestCases.java:445)
at java.base/java.util.ArrayList.forEach(ArrayList.java:1511)
... Removed 27 stack frames]]>
    </failure>
  </testcase> <!-- putLanguagePackage -->
  <testcase classname="testcases.RestAssured_TestCases" name="deleteLangById" time="1.237">
    <failure type="java.lang.AssertionError" message="deleteLangById must be implemented using proper RestAssured methods. expected [true] but found [false]">
      <![CDATA[java.lang.AssertionError: deleteLangById must be implemented using proper RestAssured methods. expected [true] but found [false]
at testcases.RestAssured_TestCases.deleteLangById(RestAssured_TestCases.java:496)
at java.base/java.util.ArrayList.forEach(ArrayList.java:1511)
... Removed 30 stack frames]]>
    </failure>
  </testcase> <!-- deleteLangById -->
  <testcase classname="testcases.RestAssured_TestCases" name="putModulesSettings" time="0.005">
    <failure type="java.lang.NullPointerException" message="Cannot invoke &amp;quot;java.util.Map.get(Object)&amp;quot; because &amp;quot;TestData&amp;quot; is null">
      <![CDATA[java.lang.NullPointerException: Cannot invoke "java.util.Map.get(Object)" because "TestData" is null
at testcases.RestAssured_TestCases.putModulesSettings(RestAssured_TestCases.java:523)
at java.base/java.util.ArrayList.forEach(ArrayList.java:1511)
... Removed 27 stack frames]]>
    </failure>
  </testcase> <!-- putModulesSettings -->
  <testcase classname="testcases.RestAssured_TestCases" name="postOpenIdProvide" time="0.008">
    <failure type="java.lang.NullPointerException" message="Cannot invoke &amp;quot;java.util.Map.get(Object)&amp;quot; because &amp;quot;TestData&amp;quot; is null">
      <![CDATA[java.lang.NullPointerException: Cannot invoke "java.util.Map.get(Object)" because "TestData" is null
at testcases.RestAssured_TestCases.postOpenIdProvide(RestAssured_TestCases.java:587)
at java.base/java.util.ArrayList.forEach(ArrayList.java:1511)
... Removed 27 stack frames]]>
    </failure>
  </testcase> <!-- postOpenIdProvide -->
</testsuite> <!-- Test -->
